[0.972s] DEBUG:colcon:Command line arguments: ['/home/sharath/.local/bin/colcon', 'build', '--packages-select', 'my_py_pkg']
[0.972s] DEBUG:colcon:Parsed command line arguments: Namespace(log_base=None, log_level=None, verb_name='build', build_base='build', install_base='install', merge_install=False, symlink_install=False, test_result_base=None, continue_on_error=False, executor='parallel', parallel_workers=12, event_handlers=None, ignore_user_meta=False, metas=['./colcon.meta'], base_paths=['.'], packages_ignore=None, packages_ignore_regex=None, paths=None, packages_up_to=None, packages_up_to_regex=None, packages_above=None, packages_above_and_dependencies=None, packages_above_depth=None, packages_select_by_dep=None, packages_skip_by_dep=None, packages_skip_up_to=None, packages_select_build_failed=False, packages_skip_build_finished=False, packages_select_test_failures=False, packages_skip_test_passed=False, packages_select=['my_py_pkg'], packages_skip=None, packages_select_regex=None, packages_skip_regex=None, packages_start=None, packages_end=None, allow_overriding=[], cmake_args=None, cmake_target=None, cmake_target_skip_unavailable=False, cmake_clean_cache=False, cmake_clean_first=False, cmake_force_configure=False, ament_cmake_args=None, catkin_cmake_args=None, catkin_skip_building_tests=False, verb_parser=<colcon_defaults.argument_parser.defaults.DefaultArgumentsDecorator object at 0x7f338480e620>, verb_extension=<colcon_core.verb.build.BuildVerb object at 0x7f338495eef0>, main=<bound method BuildVerb.main of <colcon_core.verb.build.BuildVerb object at 0x7f338495eef0>>)
[1.031s] Level 1:colcon.colcon_core.package_discovery:discover_packages(colcon_meta) check parameters
[1.031s] Level 1:colcon.colcon_core.package_discovery:discover_packages(recursive) check parameters
[1.031s] Level 1:colcon.colcon_core.package_discovery:discover_packages(ignore) check parameters
[1.031s] Level 1:colcon.colcon_core.package_discovery:discover_packages(path) check parameters
[1.031s] Level 1:colcon.colcon_core.package_discovery:discover_packages(colcon_meta) discover
[1.031s] Level 1:colcon.colcon_core.package_discovery:discover_packages(recursive) discover
[1.031s] INFO:colcon.colcon_core.package_discovery:Crawling recursively for packages in '/home/sharath/Downloads/code_end_section_6_services_ROS2_HUMBLE'
[1.031s] Level 1:colcon.colcon_core.package_identification:_identify(.) by extensions ['ignore', 'ignore_ament_install']
[1.031s] Level 1:colcon.colcon_core.package_identification:_identify(.) by extension 'ignore'
[1.032s] Level 1:colcon.colcon_core.package_identification:_identify(.) by extension 'ignore_ament_install'
[1.032s] Level 1:colcon.colcon_core.package_identification:_identify(.) by extensions ['colcon_pkg']
[1.032s] Level 1:colcon.colcon_core.package_identification:_identify(.) by extension 'colcon_pkg'
[1.032s] Level 1:colcon.colcon_core.package_identification:_identify(.) by extensions ['colcon_meta']
[1.032s] Level 1:colcon.colcon_core.package_identification:_identify(.) by extension 'colcon_meta'
[1.032s] Level 1:colcon.colcon_core.package_identification:_identify(.) by extensions ['ros']
[1.032s] Level 1:colcon.colcon_core.package_identification:_identify(.) by extension 'ros'
[1.044s] Level 1:colcon.colcon_core.package_identification:_identify(.) by extensions ['cmake', 'python']
[1.044s] Level 1:colcon.colcon_core.package_identification:_identify(.) by extension 'cmake'
[1.044s] Level 1:colcon.colcon_core.package_identification:_identify(.) by extension 'python'
[1.044s] Level 1:colcon.colcon_core.package_identification:_identify(.) by extensions ['python_setup_py']
[1.044s] Level 1:colcon.colcon_core.package_identification:_identify(.) by extension 'python_setup_py'
[1.045s] Level 1:colcon.colcon_core.package_identification:_identify(build) by extensions ['ignore', 'ignore_ament_install']
[1.045s] Level 1:colcon.colcon_core.package_identification:_identify(build) by extension 'ignore'
[1.045s] Level 1:colcon.colcon_core.package_identification:_identify(build) ignored
[1.045s] Level 1:colcon.colcon_core.package_identification:_identify(install) by extensions ['ignore', 'ignore_ament_install']
[1.045s] Level 1:colcon.colcon_core.package_identification:_identify(install) by extension 'ignore'
[1.045s] Level 1:colcon.colcon_core.package_identification:_identify(install) ignored
[1.045s] Level 1:colcon.colcon_core.package_identification:_identify(log) by extensions ['ignore', 'ignore_ament_install']
[1.045s] Level 1:colcon.colcon_core.package_identification:_identify(log) by extension 'ignore'
[1.045s] Level 1:colcon.colcon_core.package_identification:_identify(log) ignored
[1.045s] Level 1:colcon.colcon_core.package_identification:_identify(src) by extensions ['ignore', 'ignore_ament_install']
[1.045s] Level 1:colcon.colcon_core.package_identification:_identify(src) by extension 'ignore'
[1.045s] Level 1:colcon.colcon_core.package_identification:_identify(src) by extension 'ignore_ament_install'
[1.045s] Level 1:colcon.colcon_core.package_identification:_identify(src) by extensions ['colcon_pkg']
[1.045s] Level 1:colcon.colcon_core.package_identification:_identify(src) by extension 'colcon_pkg'
[1.045s] Level 1:colcon.colcon_core.package_identification:_identify(src) by extensions ['colcon_meta']
[1.045s] Level 1:colcon.colcon_core.package_identification:_identify(src) by extension 'colcon_meta'
[1.046s] Level 1:colcon.colcon_core.package_identification:_identify(src) by extensions ['ros']
[1.046s] Level 1:colcon.colcon_core.package_identification:_identify(src) by extension 'ros'
[1.046s] Level 1:colcon.colcon_core.package_identification:_identify(src) by extensions ['cmake', 'python']
[1.046s] Level 1:colcon.colcon_core.package_identification:_identify(src) by extension 'cmake'
[1.046s] Level 1:colcon.colcon_core.package_identification:_identify(src) by extension 'python'
[1.046s] Level 1:colcon.colcon_core.package_identification:_identify(src) by extensions ['python_setup_py']
[1.046s] Level 1:colcon.colcon_core.package_identification:_identify(src) by extension 'python_setup_py'
[1.046s] Level 1:colcon.colcon_core.package_identification:_identify(src/my_cpp_pkg) by extensions ['ignore', 'ignore_ament_install']
[1.046s] Level 1:colcon.colcon_core.package_identification:_identify(src/my_cpp_pkg) by extension 'ignore'
[1.046s] Level 1:colcon.colcon_core.package_identification:_identify(src/my_cpp_pkg) by extension 'ignore_ament_install'
[1.046s] Level 1:colcon.colcon_core.package_identification:_identify(src/my_cpp_pkg) by extensions ['colcon_pkg']
[1.046s] Level 1:colcon.colcon_core.package_identification:_identify(src/my_cpp_pkg) by extension 'colcon_pkg'
[1.046s] Level 1:colcon.colcon_core.package_identification:_identify(src/my_cpp_pkg) by extensions ['colcon_meta']
[1.046s] Level 1:colcon.colcon_core.package_identification:_identify(src/my_cpp_pkg) by extension 'colcon_meta'
[1.046s] Level 1:colcon.colcon_core.package_identification:_identify(src/my_cpp_pkg) by extensions ['ros']
[1.046s] Level 1:colcon.colcon_core.package_identification:_identify(src/my_cpp_pkg) by extension 'ros'
[1.048s] DEBUG:colcon.colcon_core.package_identification:Package 'src/my_cpp_pkg' with type 'ros.ament_cmake' and name 'my_cpp_pkg'
[1.048s] Level 1:colcon.colcon_core.package_identification:_identify(src/my_py_pkg) by extensions ['ignore', 'ignore_ament_install']
[1.049s] Level 1:colcon.colcon_core.package_identification:_identify(src/my_py_pkg) by extension 'ignore'
[1.049s] Level 1:colcon.colcon_core.package_identification:_identify(src/my_py_pkg) by extension 'ignore_ament_install'
[1.049s] Level 1:colcon.colcon_core.package_identification:_identify(src/my_py_pkg) by extensions ['colcon_pkg']
[1.049s] Level 1:colcon.colcon_core.package_identification:_identify(src/my_py_pkg) by extension 'colcon_pkg'
[1.049s] Level 1:colcon.colcon_core.package_identification:_identify(src/my_py_pkg) by extensions ['colcon_meta']
[1.049s] Level 1:colcon.colcon_core.package_identification:_identify(src/my_py_pkg) by extension 'colcon_meta'
[1.049s] Level 1:colcon.colcon_core.package_identification:_identify(src/my_py_pkg) by extensions ['ros']
[1.049s] Level 1:colcon.colcon_core.package_identification:_identify(src/my_py_pkg) by extension 'ros'
[1.050s] DEBUG:colcon.colcon_core.package_identification:Package 'src/my_py_pkg' with type 'ros.ament_python' and name 'my_py_pkg'
[1.050s] Level 1:colcon.colcon_core.package_discovery:discover_packages(recursive) using defaults
[1.050s] Level 1:colcon.colcon_core.package_discovery:discover_packages(ignore) discover
[1.050s] Level 1:colcon.colcon_core.package_discovery:discover_packages(ignore) using defaults
[1.050s] Level 1:colcon.colcon_core.package_discovery:discover_packages(path) discover
[1.050s] Level 1:colcon.colcon_core.package_discovery:discover_packages(path) using defaults
[1.134s] INFO:colcon.colcon_core.package_selection:Skipping not selected package 'my_cpp_pkg' in 'src/my_cpp_pkg'
[1.135s] Level 1:colcon.colcon_core.package_discovery:discover_packages(prefix_path) check parameters
[1.135s] Level 1:colcon.colcon_core.package_discovery:discover_packages(prefix_path) discover
[1.163s] DEBUG:colcon.colcon_installed_package_information.package_discovery:Found 2 installed packages in /home/sharath/ros2_ws_ride_safe/install
[1.170s] DEBUG:colcon.colcon_installed_package_information.package_discovery:Found 1 installed packages in /home/sharath/ros2_ws/install
[1.184s] DEBUG:colcon.colcon_installed_package_information.package_discovery:Found 344 installed packages in /home/sharath/ros2_humble/install
[1.193s] DEBUG:colcon.colcon_installed_package_information.package_discovery:Found 270 installed packages in /opt/ros/humble
[1.203s] Level 1:colcon.colcon_core.package_discovery:discover_packages(prefix_path) using defaults
[1.296s] Level 5:colcon.colcon_core.verb:set package 'my_py_pkg' build argument 'cmake_args' from command line to 'None'
[1.296s] Level 5:colcon.colcon_core.verb:set package 'my_py_pkg' build argument 'cmake_target' from command line to 'None'
[1.296s] Level 5:colcon.colcon_core.verb:set package 'my_py_pkg' build argument 'cmake_target_skip_unavailable' from command line to 'False'
[1.296s] Level 5:colcon.colcon_core.verb:set package 'my_py_pkg' build argument 'cmake_clean_cache' from command line to 'False'
[1.296s] Level 5:colcon.colcon_core.verb:set package 'my_py_pkg' build argument 'cmake_clean_first' from command line to 'False'
[1.296s] Level 5:colcon.colcon_core.verb:set package 'my_py_pkg' build argument 'cmake_force_configure' from command line to 'False'
[1.296s] Level 5:colcon.colcon_core.verb:set package 'my_py_pkg' build argument 'ament_cmake_args' from command line to 'None'
[1.296s] Level 5:colcon.colcon_core.verb:set package 'my_py_pkg' build argument 'catkin_cmake_args' from command line to 'None'
[1.296s] Level 5:colcon.colcon_core.verb:set package 'my_py_pkg' build argument 'catkin_skip_building_tests' from command line to 'False'
[1.296s] DEBUG:colcon.colcon_core.verb:Building package 'my_py_pkg' with the following arguments: {'ament_cmake_args': None, 'build_base': '/home/sharath/Downloads/code_end_section_6_services_ROS2_HUMBLE/build/my_py_pkg', 'catkin_cmake_args': None, 'catkin_skip_building_tests': False, 'cmake_args': None, 'cmake_clean_cache': False, 'cmake_clean_first': False, 'cmake_force_configure': False, 'cmake_target': None, 'cmake_target_skip_unavailable': False, 'install_base': '/home/sharath/Downloads/code_end_section_6_services_ROS2_HUMBLE/install/my_py_pkg', 'merge_install': False, 'path': '/home/sharath/Downloads/code_end_section_6_services_ROS2_HUMBLE/src/my_py_pkg', 'symlink_install': False, 'test_result_base': None}
[1.300s] INFO:colcon.colcon_core.executor:Executing jobs using 'parallel' executor
[1.319s] DEBUG:colcon.colcon_parallel_executor.executor.parallel:run_until_complete
[1.319s] INFO:colcon.colcon_ros.task.ament_python.build:Building ROS package in '/home/sharath/Downloads/code_end_section_6_services_ROS2_HUMBLE/src/my_py_pkg' with build type 'ament_python'
[1.319s] Level 1:colcon.colcon_core.shell:create_environment_hook('my_py_pkg', 'ament_prefix_path')
[1.334s] INFO:colcon.colcon_core.plugin_system:Skipping extension 'colcon_core.shell.bat': Not used on non-Windows systems
[1.335s] INFO:colcon.colcon_core.shell:Creating environment hook '/home/sharath/Downloads/code_end_section_6_services_ROS2_HUMBLE/install/my_py_pkg/share/my_py_pkg/hook/ament_prefix_path.ps1'
[1.335s] INFO:colcon.colcon_core.shell:Creating environment descriptor '/home/sharath/Downloads/code_end_section_6_services_ROS2_HUMBLE/install/my_py_pkg/share/my_py_pkg/hook/ament_prefix_path.dsv'
[1.336s] INFO:colcon.colcon_core.shell:Creating environment hook '/home/sharath/Downloads/code_end_section_6_services_ROS2_HUMBLE/install/my_py_pkg/share/my_py_pkg/hook/ament_prefix_path.sh'
[1.345s] INFO:colcon.colcon_core.shell:Skip shell extension 'powershell' for command environment: Not usable outside of PowerShell
[1.345s] DEBUG:colcon.colcon_core.shell:Skip shell extension 'dsv' for command environment
[2.013s] INFO:colcon.colcon_core.task.python.build:Building Python package in '/home/sharath/Downloads/code_end_section_6_services_ROS2_HUMBLE/src/my_py_pkg'
[2.022s] INFO:colcon.colcon_core.shell:Skip shell extension 'powershell' for command environment: Not usable outside of PowerShell
[2.022s] DEBUG:colcon.colcon_core.shell:Skip shell extension 'dsv' for command environment
[2.975s] DEBUG:colcon.colcon_core.event_handler.log_command:Invoking command in '/home/sharath/Downloads/code_end_section_6_services_ROS2_HUMBLE/src/my_py_pkg': PYTHONPATH=/home/sharath/Downloads/code_end_section_6_services_ROS2_HUMBLE/build/my_py_pkg/prefix_override:/home/sharath/Downloads/code_end_section_6_services_ROS2_HUMBLE/install/my_py_pkg/lib/python3.10/site-packages:${PYTHONPATH} /usr/bin/python3 setup.py egg_info --egg-base ../../build/my_py_pkg build --build-base /home/sharath/Downloads/code_end_section_6_services_ROS2_HUMBLE/build/my_py_pkg/build install --record /home/sharath/Downloads/code_end_section_6_services_ROS2_HUMBLE/build/my_py_pkg/install.log --install-scripts $base/lib/my_py_pkg --single-version-externally-managed
[3.641s] DEBUG:colcon.colcon_core.event_handler.log_command:Invoked command in '/home/sharath/Downloads/code_end_section_6_services_ROS2_HUMBLE/src/my_py_pkg' returned '0': PYTHONPATH=/home/sharath/Downloads/code_end_section_6_services_ROS2_HUMBLE/build/my_py_pkg/prefix_override:/home/sharath/Downloads/code_end_section_6_services_ROS2_HUMBLE/install/my_py_pkg/lib/python3.10/site-packages:${PYTHONPATH} /usr/bin/python3 setup.py egg_info --egg-base ../../build/my_py_pkg build --build-base /home/sharath/Downloads/code_end_section_6_services_ROS2_HUMBLE/build/my_py_pkg/build install --record /home/sharath/Downloads/code_end_section_6_services_ROS2_HUMBLE/build/my_py_pkg/install.log --install-scripts $base/lib/my_py_pkg --single-version-externally-managed
[3.660s] Level 1:colcon.colcon_core.environment:checking '/home/sharath/Downloads/code_end_section_6_services_ROS2_HUMBLE/install/my_py_pkg' for CMake module files
[3.661s] Level 1:colcon.colcon_core.environment:checking '/home/sharath/Downloads/code_end_section_6_services_ROS2_HUMBLE/install/my_py_pkg' for CMake config files
[3.662s] Level 1:colcon.colcon_core.environment:checking '/home/sharath/Downloads/code_end_section_6_services_ROS2_HUMBLE/install/my_py_pkg/lib'
[3.663s] Level 1:colcon.colcon_core.environment:checking '/home/sharath/Downloads/code_end_section_6_services_ROS2_HUMBLE/install/my_py_pkg/bin'
[3.663s] Level 1:colcon.colcon_core.environment:checking '/home/sharath/Downloads/code_end_section_6_services_ROS2_HUMBLE/install/my_py_pkg/lib/pkgconfig/my_py_pkg.pc'
[3.663s] Level 1:colcon.colcon_core.environment:checking '/home/sharath/Downloads/code_end_section_6_services_ROS2_HUMBLE/install/my_py_pkg/lib/python3.10/site-packages'
[3.663s] Level 1:colcon.colcon_core.shell:create_environment_hook('my_py_pkg', 'pythonpath')
[3.675s] INFO:colcon.colcon_core.shell:Creating environment hook '/home/sharath/Downloads/code_end_section_6_services_ROS2_HUMBLE/install/my_py_pkg/share/my_py_pkg/hook/pythonpath.ps1'
[3.675s] INFO:colcon.colcon_core.shell:Creating environment descriptor '/home/sharath/Downloads/code_end_section_6_services_ROS2_HUMBLE/install/my_py_pkg/share/my_py_pkg/hook/pythonpath.dsv'
[3.675s] INFO:colcon.colcon_core.shell:Creating environment hook '/home/sharath/Downloads/code_end_section_6_services_ROS2_HUMBLE/install/my_py_pkg/share/my_py_pkg/hook/pythonpath.sh'
[3.676s] Level 1:colcon.colcon_core.environment:checking '/home/sharath/Downloads/code_end_section_6_services_ROS2_HUMBLE/install/my_py_pkg/bin'
[3.676s] Level 1:colcon.colcon_core.environment:create_environment_scripts_only(my_py_pkg)
[3.685s] INFO:colcon.colcon_core.shell:Creating package script '/home/sharath/Downloads/code_end_section_6_services_ROS2_HUMBLE/install/my_py_pkg/share/my_py_pkg/package.ps1'
[3.686s] INFO:colcon.colcon_core.shell:Creating package descriptor '/home/sharath/Downloads/code_end_section_6_services_ROS2_HUMBLE/install/my_py_pkg/share/my_py_pkg/package.dsv'
[3.686s] INFO:colcon.colcon_core.shell:Creating package script '/home/sharath/Downloads/code_end_section_6_services_ROS2_HUMBLE/install/my_py_pkg/share/my_py_pkg/package.sh'
[3.687s] INFO:colcon.colcon_core.shell:Creating package script '/home/sharath/Downloads/code_end_section_6_services_ROS2_HUMBLE/install/my_py_pkg/share/my_py_pkg/package.bash'
[3.687s] INFO:colcon.colcon_core.shell:Creating package script '/home/sharath/Downloads/code_end_section_6_services_ROS2_HUMBLE/install/my_py_pkg/share/my_py_pkg/package.zsh'
[3.688s] Level 1:colcon.colcon_core.environment:create_file_with_runtime_dependencies(/home/sharath/Downloads/code_end_section_6_services_ROS2_HUMBLE/install/my_py_pkg/share/colcon-core/packages/my_py_pkg)
[3.688s] DEBUG:colcon.colcon_parallel_executor.executor.parallel:closing loop
[3.688s] DEBUG:colcon.colcon_parallel_executor.executor.parallel:loop closed
[3.688s] DEBUG:colcon.colcon_parallel_executor.executor.parallel:run_until_complete finished with '0'
[3.688s] DEBUG:colcon.colcon_core.event_reactor:joining thread
[3.704s] INFO:colcon.colcon_core.plugin_system:Skipping extension 'colcon_notification.desktop_notification.terminal_notifier': Not used on non-Darwin systems
[3.705s] INFO:colcon.colcon_core.plugin_system:Skipping extension 'colcon_notification.desktop_notification.win32': Not used on non-Windows systems
[3.705s] INFO:colcon.colcon_notification.desktop_notification:Sending desktop notification using 'notify2'
[3.730s] DEBUG:colcon.colcon_core.event_reactor:joined thread
[3.740s] INFO:colcon.colcon_core.shell:Creating prefix script '/home/sharath/Downloads/code_end_section_6_services_ROS2_HUMBLE/install/local_setup.ps1'
[3.740s] INFO:colcon.colcon_core.shell:Creating prefix util module '/home/sharath/Downloads/code_end_section_6_services_ROS2_HUMBLE/install/_local_setup_util_ps1.py'
[3.742s] INFO:colcon.colcon_core.shell:Creating prefix chain script '/home/sharath/Downloads/code_end_section_6_services_ROS2_HUMBLE/install/setup.ps1'
[3.764s] INFO:colcon.colcon_core.shell:Creating prefix script '/home/sharath/Downloads/code_end_section_6_services_ROS2_HUMBLE/install/local_setup.sh'
[3.764s] INFO:colcon.colcon_core.shell:Creating prefix util module '/home/sharath/Downloads/code_end_section_6_services_ROS2_HUMBLE/install/_local_setup_util_sh.py'
[3.765s] INFO:colcon.colcon_core.shell:Creating prefix chain script '/home/sharath/Downloads/code_end_section_6_services_ROS2_HUMBLE/install/setup.sh'
[3.787s] INFO:colcon.colcon_core.shell:Creating prefix script '/home/sharath/Downloads/code_end_section_6_services_ROS2_HUMBLE/install/local_setup.bash'
[3.787s] INFO:colcon.colcon_core.shell:Creating prefix chain script '/home/sharath/Downloads/code_end_section_6_services_ROS2_HUMBLE/install/setup.bash'
[3.809s] INFO:colcon.colcon_core.shell:Creating prefix script '/home/sharath/Downloads/code_end_section_6_services_ROS2_HUMBLE/install/local_setup.zsh'
[3.810s] INFO:colcon.colcon_core.shell:Creating prefix chain script '/home/sharath/Downloads/code_end_section_6_services_ROS2_HUMBLE/install/setup.zsh'
